<?xml version="1.0" encoding="UTF-8"?>
<testsuite xmlns:xsi="http://www.w3.org/2001/XMLSchema-instance" xsi:noNamespaceSchemaLocation="https://maven.apache.org/surefire/maven-surefire-plugin/xsd/surefire-test-report-3.0.xsd" version="3.0" name="com.checkr.interviews.FundingRaisedTest" time="2.737" tests="11" errors="0" skipped="0" failures="0">
  <properties>
    <property name="java.specification.version" value="17"/>
    <property name="sun.cpu.isalist" value="amd64"/>
    <property name="sun.jnu.encoding" value="Cp1252"/>
    <property name="java.class.path" value="C:\Users\Guilherme\Desktop\github\funding-raised\target\test-classes;C:\Users\Guilherme\Desktop\github\funding-raised\target\classes;C:\Users\Guilherme\.m2\repository\org\junit\jupiter\junit-jupiter-api\5.3.0\junit-jupiter-api-5.3.0.jar;C:\Users\Guilherme\.m2\repository\org\apiguardian\apiguardian-api\1.0.0\apiguardian-api-1.0.0.jar;C:\Users\Guilherme\.m2\repository\org\opentest4j\opentest4j\1.1.0\opentest4j-1.1.0.jar;C:\Users\Guilherme\.m2\repository\org\junit\platform\junit-platform-commons\1.3.0\junit-platform-commons-1.3.0.jar;C:\Users\Guilherme\.m2\repository\org\junit\jupiter\junit-jupiter-params\5.3.0\junit-jupiter-params-5.3.0.jar;C:\Users\Guilherme\.m2\repository\com\opencsv\opencsv\3.3\opencsv-3.3.jar;C:\Users\Guilherme\.m2\repository\org\apache\commons\commons-lang3\3.3.2\commons-lang3-3.3.2.jar;"/>
    <property name="java.vm.vendor" value="Eclipse Adoptium"/>
    <property name="sun.arch.data.model" value="64"/>
    <property name="user.variant" value=""/>
    <property name="java.vendor.url" value="https://adoptium.net/"/>
    <property name="user.timezone" value="America/Sao_Paulo"/>
    <property name="user.country.format" value="BR"/>
    <property name="os.name" value="Windows 10"/>
    <property name="java.vm.specification.version" value="17"/>
    <property name="user.country" value="US"/>
    <property name="sun.java.launcher" value="SUN_STANDARD"/>
    <property name="sun.boot.library.path" value="C:\Program Files\Eclipse Adoptium\jdk-17.0.13.11-hotspot\bin"/>
    <property name="sun.java.command" value="C:\Users\Guilherme\AppData\Local\Temp\surefire15521371607758649759\surefirebooter-20241129131253480_3.jar C:\Users\Guilherme\AppData\Local\Temp\surefire15521371607758649759 2024-11-29T13-12-51_227-jvmRun1 surefire-20241129131253480_1tmp surefire_0-20241129131253480_2tmp"/>
    <property name="jdk.debug" value="release"/>
    <property name="test" value="com.checkr.interviews.FundingRaisedTest"/>
    <property name="surefire.test.class.path" value="C:\Users\Guilherme\Desktop\github\funding-raised\target\test-classes;C:\Users\Guilherme\Desktop\github\funding-raised\target\classes;C:\Users\Guilherme\.m2\repository\org\junit\jupiter\junit-jupiter-api\5.3.0\junit-jupiter-api-5.3.0.jar;C:\Users\Guilherme\.m2\repository\org\apiguardian\apiguardian-api\1.0.0\apiguardian-api-1.0.0.jar;C:\Users\Guilherme\.m2\repository\org\opentest4j\opentest4j\1.1.0\opentest4j-1.1.0.jar;C:\Users\Guilherme\.m2\repository\org\junit\platform\junit-platform-commons\1.3.0\junit-platform-commons-1.3.0.jar;C:\Users\Guilherme\.m2\repository\org\junit\jupiter\junit-jupiter-params\5.3.0\junit-jupiter-params-5.3.0.jar;C:\Users\Guilherme\.m2\repository\com\opencsv\opencsv\3.3\opencsv-3.3.jar;C:\Users\Guilherme\.m2\repository\org\apache\commons\commons-lang3\3.3.2\commons-lang3-3.3.2.jar;"/>
    <property name="sun.cpu.endian" value="little"/>
    <property name="user.home" value="C:\Users\Guilherme"/>
    <property name="user.language" value="en"/>
    <property name="java.specification.vendor" value="Oracle Corporation"/>
    <property name="java.version.date" value="2024-10-15"/>
    <property name="java.home" value="C:\Program Files\Eclipse Adoptium\jdk-17.0.13.11-hotspot"/>
    <property name="file.separator" value="\"/>
    <property name="basedir" value="C:\Users\Guilherme\Desktop\github\funding-raised"/>
    <property name="java.vm.compressedOopsMode" value="32-bit"/>
    <property name="line.separator" value="&#10;"/>
    <property name="java.vm.specification.vendor" value="Oracle Corporation"/>
    <property name="java.specification.name" value="Java Platform API Specification"/>
    <property name="surefire.real.class.path" value="C:\Users\Guilherme\AppData\Local\Temp\surefire15521371607758649759\surefirebooter-20241129131253480_3.jar"/>
    <property name="user.script" value=""/>
    <property name="sun.management.compiler" value="HotSpot 64-Bit Tiered Compilers"/>
    <property name="java.runtime.version" value="17.0.13+11"/>
    <property name="user.name" value="Guilherme"/>
    <property name="path.separator" value=";"/>
    <property name="os.version" value="10.0"/>
    <property name="java.runtime.name" value="OpenJDK Runtime Environment"/>
    <property name="file.encoding" value="Cp1252"/>
    <property name="java.vm.name" value="OpenJDK 64-Bit Server VM"/>
    <property name="java.vendor.version" value="Temurin-17.0.13+11"/>
    <property name="maven.ext.class.path" value="C:\Users\Guilherme\.vscode\extensions\oracle.oracle-java-23.0.1\nbcode\java\maven-nblib\netbeans-eventspy.jar"/>
    <property name="localRepository" value="C:\Users\Guilherme\.m2\repository"/>
    <property name="java.vendor.url.bug" value="https://github.com/adoptium/adoptium-support/issues"/>
    <property name="java.io.tmpdir" value="C:\Users\GUILHE~1\AppData\Local\Temp\"/>
    <property name="java.version" value="17.0.13"/>
    <property name="user.dir" value="C:\Users\Guilherme\Desktop\github\funding-raised"/>
    <property name="os.arch" value="amd64"/>
    <property name="java.vm.specification.name" value="Java Virtual Machine Specification"/>
    <property name="user.language.format" value="pt"/>
    <property name="sun.os.patch.level" value=""/>
    <property name="native.encoding" value="Cp1252"/>
    <property name="java.library.path" value="C:\Program Files\Eclipse Adoptium\jdk-17.0.13.11-hotspot\bin;C:\Windows\Sun\Java\bin;C:\Windows\system32;C:\Windows;C:\Program Files\Eclipse Adoptium\jdk-17.0.13.11-hotspot\bin;C:\Windows\system32;C:\Windows;C:\Windows\System32\Wbem;C:\Windows\System32\WindowsPowerShell\v1.0\;C:\Windows\System32\OpenSSH\;C:\Program Files\Git\cmd;C:\Program Files\PuTTY\;C:\Program Files\Docker\Docker\resources\bin;C:\Program Files\nodejs\;C:\Users\Guilherme\AppData\Local\Microsoft\WindowsApps;C:\Users\Guilherme\AppData\Local\Programs\Microsoft VS Code\bin;C:\Users\Guilherme\AppData\Roaming\npm;."/>
    <property name="java.vm.info" value="mixed mode, sharing"/>
    <property name="java.vendor" value="Eclipse Adoptium"/>
    <property name="java.vm.version" value="17.0.13+11"/>
    <property name="java.specification.maintenance.version" value="1"/>
    <property name="sun.io.unicode.encoding" value="UnicodeLittle"/>
    <property name="java.class.version" value="61.0"/>
  </properties>
  <testcase name="testFindByMultipleOptions" classname="com.checkr.interviews.FundingRaisedTest" time="1.593"/>
  <testcase name="testFindByGivenCompanyName" classname="com.checkr.interviews.FundingRaisedTest" time="0.058"/>
  <testcase name="testWhereGivenRound" classname="com.checkr.interviews.FundingRaisedTest" time="0.19"/>
  <testcase name="testWhereGivenState" classname="com.checkr.interviews.FundingRaisedTest" time="0.282"/>
  <testcase name="testWhereNotExists" classname="com.checkr.interviews.FundingRaisedTest" time="0.016"/>
  <testcase name="testWhereGivenCity" classname="com.checkr.interviews.FundingRaisedTest" time="0.007"/>
  <testcase name="testMultipleOptions" classname="com.checkr.interviews.FundingRaisedTest" time="0.009"/>
  <testcase name="testFindByGivenState" classname="com.checkr.interviews.FundingRaisedTest" time="0.008"/>
  <testcase name="testWhereCorrectKeys" classname="com.checkr.interviews.FundingRaisedTest" time="0.178"/>
  <testcase name="testWhereGivenCompany" classname="com.checkr.interviews.FundingRaisedTest" time="0.081"/>
  <testcase name="testFindByNotExists" classname="com.checkr.interviews.FundingRaisedTest" time="0.027"/>
</testsuite>